Using pre-set license

 COMMAND LINE ARGUMENTS:
/Applications/Unity/Unity.app/Contents/MacOS/Unity
-adb2
-batchMode
-noUpm
-name
AssetImportWorker0
-projectPath
/Users/fzeng/Desktop/csci 526/project/dungeon-digger
-logFile
Logs/AssetImportWorker0.log
-srvPort
50960
Successfully changed project path to: /Users/fzeng/Desktop/csci 526/project/dungeon-digger
/Users/fzeng/Desktop/csci 526/project/dungeon-digger
Using Asset Import Pipeline V2.
Refreshing native plugins compatible for Editor in 56.73 ms, found 3 plugins.
Preloading 0 native plugins for Editor in 0.00 ms.
Initialize engine version: 2020.3.10f1 (297d780c91bc)
[Subsystems] Discovering subsystems at path /Applications/Unity/Unity.app/Contents/Resources/UnitySubsystems
[Subsystems] Discovering subsystems at path /Users/fzeng/Desktop/csci 526/project/dungeon-digger/Assets
GfxDevice: creating device client; threaded=0
2021-06-03 10:12:54.147 Unity[48573:187706] Color LCD preferred device: Intel(R) Iris(TM) Plus Graphics 645 (low power)
2021-06-03 10:12:54.148 Unity[48573:187706] Metal devices available: 1
2021-06-03 10:12:54.148 Unity[48573:187706] 0: Intel(R) Iris(TM) Plus Graphics 645 (low power)
2021-06-03 10:12:54.148 Unity[48573:187706] Using device Intel(R) Iris(TM) Plus Graphics 645 (low power)
Initializing Metal device caps: Intel(R) Iris(TM) Plus Graphics 645
Initialize mono
Mono path[0] = '/Applications/Unity/Unity.app/Contents/Managed'
Mono path[1] = '/Applications/Unity/Unity.app/Contents/MonoBleedingEdge/lib/mono/unityjit'
Mono config path = '/Applications/Unity/Unity.app/Contents/MonoBleedingEdge/etc'
Using monoOptions --debugger-agent=transport=dt_socket,embedding=1,server=y,suspend=n,address=127.0.0.1:56573
Begin MonoManager ReloadAssembly
Error scanning for extension ivy.xml files: System.UnauthorizedAccessException: Access to the path '/Applications/Unity/PlaybackEngines/WebGLSupport/BuildTools/Emscripten_Mac/node' is denied.
  at System.IO.__Error.WinIOError (System.Int32 errorCode, System.String maybeFullPath) [0x00129] in <695d1cc93cca45069c528c15c9fdd749>:0 
  at System.IO.FileSystemEnumerableIterator`1[TSource].HandleError (System.Int32 hr, System.String path) [0x00006] in <695d1cc93cca45069c528c15c9fdd749>:0 
  at System.IO.FileSystemEnumerableIterator`1[TSource].AddSearchableDirsToStack (System.IO.Directory+SearchData localSearchData) [0x00053] in <695d1cc93cca45069c528c15c9fdd749>:0 
  at System.IO.FileSystemEnumerableIterator`1[TSource].MoveNext () [0x0008e] in <695d1cc93cca45069c528c15c9fdd749>:0 
  at System.Collections.Generic.List`1[T]..ctor (System.Collections.Generic.IEnumerable`1[T] collection) [0x00077] in <695d1cc93cca45069c528c15c9fdd749>:0 
  at System.IO.Directory.InternalGetFileDirectoryNames (System.String path, System.String userPathOriginal, System.String searchPattern, System.Boolean includeFiles, System.Boolean includeDirs, System.IO.SearchOption searchOption, System.Boolean checkHost) [0x0000f] in <695d1cc93cca45069c528c15c9fdd749>:0 
  at System.IO.Directory.InternalGetFiles (System.String path, System.String searchPattern, System.IO.SearchOption searchOption) [0x00000] in <695d1cc93cca45069c528c15c9fdd749>:0 
  at System.IO.Directory.GetFiles (System.String path, System.String searchPattern, System.IO.SearchOption searchOption) [0x00038] in <695d1cc93cca45069c528c15c9fdd749>:0 
  at UnityEditor.Modules.ModuleManager.LoadLegacyExtensionsFromIvyFiles () [0x000a5] in /Users/bokken/buildslave/unity/build/Editor/Mono/Modules/ModuleManager.cs:253 
Registering precompiled unity dll's ...
Register platform support module: /Applications/Unity/PlaybackEngines/WebGLSupport/UnityEditor.WebGL.Extensions.dll
Register platform support module: /Applications/Unity/Unity.app/Contents/PlaybackEngines/MacStandaloneSupport/UnityEditor.OSXStandalone.Extensions.dll
Registered in 0.002137 seconds.
Native extension for OSXStandalone target not found
Native extension for WebGL target not found
Refreshing native plugins compatible for Editor in 42.17 ms, found 3 plugins.
Preloading 0 native plugins for Editor in 0.00 ms.
Mono: successfully reloaded assembly
- Completed reload, in  1.990 seconds
Platform modules already initialized, skipping
Registering precompiled user dll's ...
Registered in 0.009254 seconds.
Begin MonoManager ReloadAssembly
Native extension for OSXStandalone target not found
Native extension for WebGL target not found
Refreshing native plugins compatible for Editor in 41.61 ms, found 3 plugins.
Preloading 0 native plugins for Editor in 0.00 ms.
Mono: successfully reloaded assembly
- Completed reload, in  1.354 seconds
Platform modules already initialized, skipping
========================================================================
Worker process is ready to serve import requests
Launching external process: /Applications/Unity/Unity.app/Contents/Tools/UnityShaderCompiler
Launched and connected shader compiler UnityShaderCompiler after 0.01 seconds
Refreshing native plugins compatible for Editor in 0.52 ms, found 3 plugins.
Preloading 0 native plugins for Editor in 0.00 ms.
Unloading 2082 Unused Serialized files (Serialized files now loaded: 0)
System memory in use before: 167.8 MB.
System memory in use after: 167.9 MB.

Unloading 28 unused Assets to reduce memory usage. Loaded Objects now: 2520.
Total: 2.254269 ms (FindLiveObjects: 0.219762 ms CreateObjectMapping: 0.077873 ms MarkObjects: 1.886112 ms  DeleteObjects: 0.069638 ms)

========================================================================
Received Import Request.
  path: Assets/Prefabs/WaterBeam.prefab
  artifactKey: Guid(f34c1b9b4b3eb2544a4e675082103e5a) Importer(815301076,1909f56bfc062723c751e8b465ee728b)
Start importing Assets/Prefabs/WaterBeam.prefab using Guid(f34c1b9b4b3eb2544a4e675082103e5a) Importer(815301076,1909f56bfc062723c751e8b465ee728b)  -> (artifact id: '48b8eb41d5f44d61beb2d96bd2e4aa7f') in 0.491048 seconds
  Import took 0.494356 seconds .

========================================================================
Received Import Request.
  Time since last request: 1.723394 seconds.
  path: Assets/Sprites/survivor-idle_shotgun_0.png
  artifactKey: Guid(ca48cc0ff4c0b62488a92826d8cc378f) Importer(815301076,1909f56bfc062723c751e8b465ee728b)
Start importing Assets/Sprites/survivor-idle_shotgun_0.png using Guid(ca48cc0ff4c0b62488a92826d8cc378f) Importer(815301076,1909f56bfc062723c751e8b465ee728b)  -> (artifact id: '4786483d9f20afa26ec1e4f87f8d2aaf') in 0.404174 seconds
  Import took 0.408388 seconds .

========================================================================
Received Import Request.
  Time since last request: 0.000222 seconds.
  path: Assets/Sprites/water_6.png
  artifactKey: Guid(409968f7172a8f44e972f8f1d72331a7) Importer(815301076,1909f56bfc062723c751e8b465ee728b)
Start importing Assets/Sprites/water_6.png using Guid(409968f7172a8f44e972f8f1d72331a7) Importer(815301076,1909f56bfc062723c751e8b465ee728b)  -> (artifact id: '439a78f06dd783fc139e9668ace7a9f2') in 0.011102 seconds
  Import took 0.014426 seconds .

========================================================================
Received Import Request.
  Time since last request: 491.228368 seconds.
  path: Assets/Sprites
  artifactKey: Guid(ec506c8205a1b4e44b4ca634a3dfca98) Importer(815301076,1909f56bfc062723c751e8b465ee728b)
Start importing Assets/Sprites using Guid(ec506c8205a1b4e44b4ca634a3dfca98) Importer(815301076,1909f56bfc062723c751e8b465ee728b)  -> (artifact id: 'd58a6dcb73b06bd5a9a921f9c97a4992') in 0.001209 seconds
  Import took 0.004800 seconds .

========================================================================
Received Import Request.
  Time since last request: 0.018301 seconds.
  path: Assets/Sprites
  artifactKey: Guid(ec506c8205a1b4e44b4ca634a3dfca98) Importer(815301076,1909f56bfc062723c751e8b465ee728b)
Start importing Assets/Sprites using Guid(ec506c8205a1b4e44b4ca634a3dfca98) Importer(815301076,1909f56bfc062723c751e8b465ee728b)  -> (artifact id: 'd58a6dcb73b06bd5a9a921f9c97a4992') in 0.000904 seconds
  Import took 0.003949 seconds .

========================================================================
Received Import Request.
  Time since last request: 42.156509 seconds.
  path: Assets/Sprites/Enemies.png
  artifactKey: Guid(7e16d334e382f438382f42c265f4069d) Importer(815301076,1909f56bfc062723c751e8b465ee728b)
Start importing Assets/Sprites/Enemies.png using Guid(7e16d334e382f438382f42c265f4069d) Importer(815301076,1909f56bfc062723c751e8b465ee728b)  -> (artifact id: '8bc6c9604021c58bb0cb30dbddd699d9') in 0.015076 seconds
  Import took 0.019702 seconds .

========================================================================
Received Import Request.
  Time since last request: 328.798717 seconds.
  path: Assets/Sprites/Enemies.png
  artifactKey: Guid(7e16d334e382f438382f42c265f4069d) Importer(815301076,1909f56bfc062723c751e8b465ee728b)
Start importing Assets/Sprites/Enemies.png using Guid(7e16d334e382f438382f42c265f4069d) Importer(815301076,1909f56bfc062723c751e8b465ee728b)  -> (artifact id: 'a32dd6977a89b2aa678d6fa3bb510911') in 0.023376 seconds
  Import took 0.027437 seconds .

========================================================================
Received Import Request.
  Time since last request: 16.580129 seconds.
  path: Assets/Sprites/Enemies.png
  artifactKey: Guid(7e16d334e382f438382f42c265f4069d) Importer(815301076,1909f56bfc062723c751e8b465ee728b)
Start importing Assets/Sprites/Enemies.png using Guid(7e16d334e382f438382f42c265f4069d) Importer(815301076,1909f56bfc062723c751e8b465ee728b)  -> (artifact id: '2cf7f9a223a7079d85ea1d9bb9b0e289') in 0.009620 seconds
  Import took 0.014202 seconds .

========================================================================
Received Import Request.
  Time since last request: 11.116595 seconds.
  path: Assets/Sprites/Enemies.png
  artifactKey: Guid(7e16d334e382f438382f42c265f4069d) Importer(815301076,1909f56bfc062723c751e8b465ee728b)
Start importing Assets/Sprites/Enemies.png using Guid(7e16d334e382f438382f42c265f4069d) Importer(815301076,1909f56bfc062723c751e8b465ee728b)  -> (artifact id: '7c114f8d0114ca117cd32c89ef124ff3') in 0.013401 seconds
  Import took 0.017588 seconds .

========================================================================
Received Import Request.
  Time since last request: 18.405937 seconds.
  path: Assets/Sprites/Enemies.png
  artifactKey: Guid(7e16d334e382f438382f42c265f4069d) Importer(815301076,1909f56bfc062723c751e8b465ee728b)
Start importing Assets/Sprites/Enemies.png using Guid(7e16d334e382f438382f42c265f4069d) Importer(815301076,1909f56bfc062723c751e8b465ee728b)  -> (artifact id: '27e1b277cf8d71e469867642b3426e7a') in 0.011829 seconds
  Import took 0.016178 seconds .

========================================================================
Received Import Request.
  Time since last request: 55.375775 seconds.
  path: Assets/Sprites/Enemies.png
  artifactKey: Guid(7e16d334e382f438382f42c265f4069d) Importer(815301076,1909f56bfc062723c751e8b465ee728b)
Start importing Assets/Sprites/Enemies.png using Guid(7e16d334e382f438382f42c265f4069d) Importer(815301076,1909f56bfc062723c751e8b465ee728b)  -> (artifact id: '76997f54d64c27f06523fa8878381134') in 0.030196 seconds
  Import took 0.034644 seconds .

========================================================================
Received Import Request.
  Time since last request: 15.189349 seconds.
  path: Assets/Sprites/Enemies.png
  artifactKey: Guid(7e16d334e382f438382f42c265f4069d) Importer(815301076,1909f56bfc062723c751e8b465ee728b)
Start importing Assets/Sprites/Enemies.png using Guid(7e16d334e382f438382f42c265f4069d) Importer(815301076,1909f56bfc062723c751e8b465ee728b)  -> (artifact id: 'c657732339b59750c87b7290ac73f143') in 0.006593 seconds
  Import took 0.011327 seconds .

========================================================================
Received Import Request.
  Time since last request: 203.832993 seconds.
  path: Assets/Sprites/Enemies.png
  artifactKey: Guid(7e16d334e382f438382f42c265f4069d) Importer(815301076,1909f56bfc062723c751e8b465ee728b)
Start importing Assets/Sprites/Enemies.png using Guid(7e16d334e382f438382f42c265f4069d) Importer(815301076,1909f56bfc062723c751e8b465ee728b)  -> (artifact id: '887b7c092b8b0cc57c61e88863b48146') in 0.049608 seconds
  Import took 0.054241 seconds .

========================================================================
Received Prepare
Registering precompiled user dll's ...
Registered in 0.004923 seconds.
Begin MonoManager ReloadAssembly
Native extension for OSXStandalone target not found
Native extension for WebGL target not found
Refreshing native plugins compatible for Editor in 0.63 ms, found 3 plugins.
Preloading 0 native plugins for Editor in 0.00 ms.
Mono: successfully reloaded assembly
- Completed reload, in  1.307 seconds
Platform modules already initialized, skipping
Refreshing native plugins compatible for Editor in 0.47 ms, found 3 plugins.
Preloading 0 native plugins for Editor in 0.00 ms.
Unloading 2073 Unused Serialized files (Serialized files now loaded: 0)
System memory in use before: 179.5 MB.
System memory in use after: 179.6 MB.

Unloading 17 unused Assets to reduce memory usage. Loaded Objects now: 2538.
Total: 2.547502 ms (FindLiveObjects: 0.245506 ms CreateObjectMapping: 0.102449 ms MarkObjects: 2.164918 ms  DeleteObjects: 0.033595 ms)

========================================================================
Received Import Request.
  Time since last request: 365.925354 seconds.
  path: Assets/Scripts/EnemyControler.cs
  artifactKey: Guid(b4b12f2022f1044698c2b5d18fa70f6f) Importer(815301076,1909f56bfc062723c751e8b465ee728b)
Start importing Assets/Scripts/EnemyControler.cs using Guid(b4b12f2022f1044698c2b5d18fa70f6f) Importer(815301076,1909f56bfc062723c751e8b465ee728b)  -> (artifact id: 'a7549d8b9a76e9cb799838a2bfe87939') in 0.236047 seconds
  Import took 0.241097 seconds .

========================================================================
Received Import Request.
  Time since last request: 49.266303 seconds.
  path: Assets/Scripts/PlayerMovement.cs
  artifactKey: Guid(c0ee5907eefac0548be8b143a29dbd05) Importer(815301076,1909f56bfc062723c751e8b465ee728b)
Start importing Assets/Scripts/PlayerMovement.cs using Guid(c0ee5907eefac0548be8b143a29dbd05) Importer(815301076,1909f56bfc062723c751e8b465ee728b)  -> (artifact id: '2fe6bd281c18c6f9f17dbd5d8a9f303d') in 0.001731 seconds
  Import took 0.005939 seconds .

========================================================================
Received Import Request.
  Time since last request: 0.001934 seconds.
  path: Assets/Scripts/PlayerMovement.cs
  artifactKey: Guid(c0ee5907eefac0548be8b143a29dbd05) Importer(815301076,1909f56bfc062723c751e8b465ee728b)
Start importing Assets/Scripts/PlayerMovement.cs using Guid(c0ee5907eefac0548be8b143a29dbd05) Importer(815301076,1909f56bfc062723c751e8b465ee728b)  -> (artifact id: '2fe6bd281c18c6f9f17dbd5d8a9f303d') in 0.001356 seconds
  Import took 0.004930 seconds .

========================================================================
Received Prepare
Registering precompiled user dll's ...
Registered in 0.006249 seconds.
Begin MonoManager ReloadAssembly
Native extension for OSXStandalone target not found
Native extension for WebGL target not found
Refreshing native plugins compatible for Editor in 0.53 ms, found 3 plugins.
Preloading 0 native plugins for Editor in 0.00 ms.
Mono: successfully reloaded assembly
- Completed reload, in  1.303 seconds
Platform modules already initialized, skipping
Refreshing native plugins compatible for Editor in 0.43 ms, found 3 plugins.
Preloading 0 native plugins for Editor in 0.00 ms.
Unloading 2074 Unused Serialized files (Serialized files now loaded: 0)
System memory in use before: 184.0 MB.
System memory in use after: 184.1 MB.

Unloading 17 unused Assets to reduce memory usage. Loaded Objects now: 2542.
Total: 2.635636 ms (FindLiveObjects: 0.285054 ms CreateObjectMapping: 0.087445 ms MarkObjects: 2.223882 ms  DeleteObjects: 0.038274 ms)

========================================================================
Received Import Request.
  Time since last request: 249.661834 seconds.
  path: Assets/Scripts/PlayerMovement.cs
  artifactKey: Guid(c0ee5907eefac0548be8b143a29dbd05) Importer(815301076,1909f56bfc062723c751e8b465ee728b)
Start importing Assets/Scripts/PlayerMovement.cs using Guid(c0ee5907eefac0548be8b143a29dbd05) Importer(815301076,1909f56bfc062723c751e8b465ee728b)  -> (artifact id: 'ef77ee3016983e8c3585e20b2f2e045c') in 0.011546 seconds
  Import took 0.015726 seconds .

========================================================================
Received Import Request.
  Time since last request: 0.036978 seconds.
  path: Assets/Scripts/PlayerMovement.cs
  artifactKey: Guid(c0ee5907eefac0548be8b143a29dbd05) Importer(815301076,1909f56bfc062723c751e8b465ee728b)
Start importing Assets/Scripts/PlayerMovement.cs using Guid(c0ee5907eefac0548be8b143a29dbd05) Importer(815301076,1909f56bfc062723c751e8b465ee728b)  -> (artifact id: 'ef77ee3016983e8c3585e20b2f2e045c') in 0.001425 seconds
  Import took 0.004728 seconds .

========================================================================
Received Prepare
Registering precompiled user dll's ...
Registered in 0.001718 seconds.
Begin MonoManager ReloadAssembly
Native extension for OSXStandalone target not found
Native extension for WebGL target not found
Refreshing native plugins compatible for Editor in 0.46 ms, found 3 plugins.
Preloading 0 native plugins for Editor in 0.00 ms.
Mono: successfully reloaded assembly
- Completed reload, in  1.182 seconds
Platform modules already initialized, skipping
Refreshing native plugins compatible for Editor in 0.40 ms, found 3 plugins.
Preloading 0 native plugins for Editor in 0.00 ms.
Unloading 2074 Unused Serialized files (Serialized files now loaded: 0)
System memory in use before: 184.2 MB.
System memory in use after: 184.3 MB.

Unloading 17 unused Assets to reduce memory usage. Loaded Objects now: 2545.
Total: 2.303684 ms (FindLiveObjects: 0.198706 ms CreateObjectMapping: 0.067730 ms MarkObjects: 2.017107 ms  DeleteObjects: 0.019146 ms)

========================================================================
Received Import Request.
  Time since last request: 79.646119 seconds.
  path: Assets/Scripts/EnemyControler.cs
  artifactKey: Guid(b4b12f2022f1044698c2b5d18fa70f6f) Importer(815301076,1909f56bfc062723c751e8b465ee728b)
Start importing Assets/Scripts/EnemyControler.cs using Guid(b4b12f2022f1044698c2b5d18fa70f6f) Importer(815301076,1909f56bfc062723c751e8b465ee728b)  -> (artifact id: 'bf33fbc871cc2101a094e49951264230') in 0.004446 seconds
  Import took 0.008516 seconds .

========================================================================
Received Import Request.
  Time since last request: 0.030105 seconds.
  path: Assets/Scripts/EnemyControler.cs
  artifactKey: Guid(b4b12f2022f1044698c2b5d18fa70f6f) Importer(815301076,1909f56bfc062723c751e8b465ee728b)
Start importing Assets/Scripts/EnemyControler.cs using Guid(b4b12f2022f1044698c2b5d18fa70f6f) Importer(815301076,1909f56bfc062723c751e8b465ee728b)  -> (artifact id: 'bf33fbc871cc2101a094e49951264230') in 0.001350 seconds
  Import took 0.004829 seconds .

========================================================================
Received Prepare
Registering precompiled user dll's ...
Registered in 0.002895 seconds.
Begin MonoManager ReloadAssembly
Native extension for OSXStandalone target not found
Native extension for WebGL target not found
Refreshing native plugins compatible for Editor in 0.49 ms, found 3 plugins.
Preloading 0 native plugins for Editor in 0.00 ms.
Mono: successfully reloaded assembly
- Completed reload, in  1.215 seconds
Platform modules already initialized, skipping
Refreshing native plugins compatible for Editor in 0.51 ms, found 3 plugins.
Preloading 0 native plugins for Editor in 0.00 ms.
Unloading 2074 Unused Serialized files (Serialized files now loaded: 0)
System memory in use before: 184.4 MB.
System memory in use after: 184.5 MB.

Unloading 17 unused Assets to reduce memory usage. Loaded Objects now: 2548.
Total: 2.464088 ms (FindLiveObjects: 0.226641 ms CreateObjectMapping: 0.094846 ms MarkObjects: 2.121565 ms  DeleteObjects: 0.019836 ms)

========================================================================
Received Import Request.
  Time since last request: 119.882355 seconds.
  path: Assets/Scripts/EnemyControler.cs
  artifactKey: Guid(b4b12f2022f1044698c2b5d18fa70f6f) Importer(815301076,1909f56bfc062723c751e8b465ee728b)
Start importing Assets/Scripts/EnemyControler.cs using Guid(b4b12f2022f1044698c2b5d18fa70f6f) Importer(815301076,1909f56bfc062723c751e8b465ee728b)  -> (artifact id: '63b58b8e0e0f1583a1f0a84fe595b5dc') in 0.004123 seconds
  Import took 0.008366 seconds .

========================================================================
Received Prepare
Registering precompiled user dll's ...
Registered in 0.003605 seconds.
Begin MonoManager ReloadAssembly
Native extension for OSXStandalone target not found
Native extension for WebGL target not found
Refreshing native plugins compatible for Editor in 0.48 ms, found 3 plugins.
Preloading 0 native plugins for Editor in 0.00 ms.
Mono: successfully reloaded assembly
- Completed reload, in  1.193 seconds
Platform modules already initialized, skipping
Refreshing native plugins compatible for Editor in 0.40 ms, found 3 plugins.
Preloading 0 native plugins for Editor in 0.00 ms.
Unloading 2074 Unused Serialized files (Serialized files now loaded: 0)
System memory in use before: 184.6 MB.
System memory in use after: 184.7 MB.

Unloading 17 unused Assets to reduce memory usage. Loaded Objects now: 2551.
Total: 2.094977 ms (FindLiveObjects: 0.185811 ms CreateObjectMapping: 0.075746 ms MarkObjects: 1.814281 ms  DeleteObjects: 0.018369 ms)

========================================================================
Received Prepare
Registering precompiled user dll's ...
Registered in 0.003776 seconds.
Begin MonoManager ReloadAssembly
Native extension for OSXStandalone target not found
Native extension for WebGL target not found
Refreshing native plugins compatible for Editor in 0.50 ms, found 3 plugins.
Preloading 0 native plugins for Editor in 0.00 ms.
Mono: successfully reloaded assembly
- Completed reload, in  1.208 seconds
Platform modules already initialized, skipping
Refreshing native plugins compatible for Editor in 0.41 ms, found 3 plugins.
Preloading 0 native plugins for Editor in 0.00 ms.
Unloading 2074 Unused Serialized files (Serialized files now loaded: 0)
System memory in use before: 184.8 MB.
System memory in use after: 184.9 MB.

Unloading 17 unused Assets to reduce memory usage. Loaded Objects now: 2554.
Total: 2.167652 ms (FindLiveObjects: 0.188579 ms CreateObjectMapping: 0.081494 ms MarkObjects: 1.880050 ms  DeleteObjects: 0.016707 ms)

========================================================================
Received Prepare
Registering precompiled user dll's ...
Registered in 0.008822 seconds.
Begin MonoManager ReloadAssembly
Native extension for OSXStandalone target not found
Native extension for WebGL target not found
Refreshing native plugins compatible for Editor in 0.59 ms, found 3 plugins.
Preloading 0 native plugins for Editor in 0.00 ms.
Mono: successfully reloaded assembly
- Completed reload, in  1.926 seconds
Platform modules already initialized, skipping
Refreshing native plugins compatible for Editor in 0.41 ms, found 3 plugins.
Preloading 0 native plugins for Editor in 0.00 ms.
Unloading 2074 Unused Serialized files (Serialized files now loaded: 0)
System memory in use before: 185.0 MB.
System memory in use after: 185.1 MB.

Unloading 17 unused Assets to reduce memory usage. Loaded Objects now: 2557.
Total: 2.942573 ms (FindLiveObjects: 0.189225 ms CreateObjectMapping: 0.074834 ms MarkObjects: 2.655197 ms  DeleteObjects: 0.021829 ms)

========================================================================
Received Prepare
Registering precompiled user dll's ...
Registered in 0.002850 seconds.
Begin MonoManager ReloadAssembly
Native extension for OSXStandalone target not found
Native extension for WebGL target not found
Refreshing native plugins compatible for Editor in 0.45 ms, found 3 plugins.
Preloading 0 native plugins for Editor in 0.00 ms.
Mono: successfully reloaded assembly
- Completed reload, in  1.237 seconds
Platform modules already initialized, skipping
Refreshing native plugins compatible for Editor in 0.41 ms, found 3 plugins.
Preloading 0 native plugins for Editor in 0.00 ms.
Unloading 2074 Unused Serialized files (Serialized files now loaded: 0)
System memory in use before: 185.2 MB.
System memory in use after: 185.3 MB.

Unloading 17 unused Assets to reduce memory usage. Loaded Objects now: 2560.
Total: 2.101559 ms (FindLiveObjects: 0.187269 ms CreateObjectMapping: 0.076265 ms MarkObjects: 1.821142 ms  DeleteObjects: 0.016233 ms)

========================================================================
Received Prepare
Registering precompiled user dll's ...
Registered in 0.006430 seconds.
Begin MonoManager ReloadAssembly
Native extension for OSXStandalone target not found
Native extension for WebGL target not found
Refreshing native plugins compatible for Editor in 0.52 ms, found 3 plugins.
Preloading 0 native plugins for Editor in 0.00 ms.
Mono: successfully reloaded assembly
- Completed reload, in  1.253 seconds
Platform modules already initialized, skipping
Refreshing native plugins compatible for Editor in 0.44 ms, found 3 plugins.
Preloading 0 native plugins for Editor in 0.00 ms.
Unloading 2074 Unused Serialized files (Serialized files now loaded: 0)
System memory in use before: 185.4 MB.
System memory in use after: 185.5 MB.

Unloading 17 unused Assets to reduce memory usage. Loaded Objects now: 2563.
Total: 2.400896 ms (FindLiveObjects: 0.204223 ms CreateObjectMapping: 0.091767 ms MarkObjects: 2.085698 ms  DeleteObjects: 0.017774 ms)

========================================================================
Received Prepare
Registering precompiled user dll's ...
Registered in 0.003814 seconds.
Begin MonoManager ReloadAssembly
Native extension for OSXStandalone target not found
Native extension for WebGL target not found
Refreshing native plugins compatible for Editor in 0.59 ms, found 3 plugins.
Preloading 0 native plugins for Editor in 0.00 ms.
Mono: successfully reloaded assembly
- Completed reload, in  1.250 seconds
Platform modules already initialized, skipping
Refreshing native plugins compatible for Editor in 0.42 ms, found 3 plugins.
Preloading 0 native plugins for Editor in 0.00 ms.
Unloading 2074 Unused Serialized files (Serialized files now loaded: 0)
System memory in use before: 185.6 MB.
System memory in use after: 185.7 MB.

Unloading 17 unused Assets to reduce memory usage. Loaded Objects now: 2566.
Total: 2.174250 ms (FindLiveObjects: 0.194727 ms CreateObjectMapping: 0.077596 ms MarkObjects: 1.883120 ms  DeleteObjects: 0.017544 ms)

========================================================================
Received Import Request.
  Time since last request: 1160.272005 seconds.
  path: Assets/Scripts/EnemyBullet.cs
  artifactKey: Guid(e0b50b18d623244308f784d8a25e375c) Importer(815301076,1909f56bfc062723c751e8b465ee728b)
Start importing Assets/Scripts/EnemyBullet.cs using Guid(e0b50b18d623244308f784d8a25e375c) Importer(815301076,1909f56bfc062723c751e8b465ee728b)  -> (artifact id: '77bce396d71065aac2c23d6f2472e6f0') in 0.049793 seconds
  Import took 0.072835 seconds .

========================================================================
Received Prepare
Registering precompiled user dll's ...
Registered in 0.004440 seconds.
Begin MonoManager ReloadAssembly
Native extension for OSXStandalone target not found
Native extension for WebGL target not found
Refreshing native plugins compatible for Editor in 0.72 ms, found 3 plugins.
Preloading 0 native plugins for Editor in 0.00 ms.
Mono: successfully reloaded assembly
- Completed reload, in  1.290 seconds
Platform modules already initialized, skipping
Refreshing native plugins compatible for Editor in 0.45 ms, found 3 plugins.
Preloading 0 native plugins for Editor in 0.00 ms.
Unloading 2075 Unused Serialized files (Serialized files now loaded: 0)
System memory in use before: 185.8 MB.
System memory in use after: 185.9 MB.

Unloading 17 unused Assets to reduce memory usage. Loaded Objects now: 2570.
Total: 2.448261 ms (FindLiveObjects: 0.296294 ms CreateObjectMapping: 0.078533 ms MarkObjects: 2.042412 ms  DeleteObjects: 0.029879 ms)

========================================================================
Received Import Request.
  Time since last request: 32.163245 seconds.
  path: Assets/Scripts/EnemyBullet.cs
  artifactKey: Guid(e0b50b18d623244308f784d8a25e375c) Importer(815301076,1909f56bfc062723c751e8b465ee728b)
Start importing Assets/Scripts/EnemyBullet.cs using Guid(e0b50b18d623244308f784d8a25e375c) Importer(815301076,1909f56bfc062723c751e8b465ee728b)  -> (artifact id: '03a66e28a3ee64ad7581150b0a21eefe') in 0.004335 seconds
  Import took 0.008615 seconds .

========================================================================
Received Import Request.
  Time since last request: 0.014620 seconds.
  path: Assets/Scripts/EnemyBullet.cs
  artifactKey: Guid(e0b50b18d623244308f784d8a25e375c) Importer(815301076,1909f56bfc062723c751e8b465ee728b)
Start importing Assets/Scripts/EnemyBullet.cs using Guid(e0b50b18d623244308f784d8a25e375c) Importer(815301076,1909f56bfc062723c751e8b465ee728b)  -> (artifact id: '03a66e28a3ee64ad7581150b0a21eefe') in 0.001250 seconds
  Import took 0.004248 seconds .

========================================================================
Received Prepare
Registering precompiled user dll's ...
Registered in 0.001692 seconds.
Begin MonoManager ReloadAssembly
Native extension for OSXStandalone target not found
Native extension for WebGL target not found
Refreshing native plugins compatible for Editor in 0.43 ms, found 3 plugins.
Preloading 0 native plugins for Editor in 0.00 ms.
Mono: successfully reloaded assembly
- Completed reload, in  1.180 seconds
Platform modules already initialized, skipping
Refreshing native plugins compatible for Editor in 0.39 ms, found 3 plugins.
Preloading 0 native plugins for Editor in 0.00 ms.
Unloading 2075 Unused Serialized files (Serialized files now loaded: 0)
System memory in use before: 186.0 MB.
System memory in use after: 186.1 MB.

Unloading 17 unused Assets to reduce memory usage. Loaded Objects now: 2573.
Total: 2.250748 ms (FindLiveObjects: 0.207270 ms CreateObjectMapping: 0.088538 ms MarkObjects: 1.934007 ms  DeleteObjects: 0.019975 ms)

========================================================================
Received Prepare
Registering precompiled user dll's ...
Registered in 0.001841 seconds.
Begin MonoManager ReloadAssembly
Native extension for OSXStandalone target not found
Native extension for WebGL target not found
Refreshing native plugins compatible for Editor in 0.54 ms, found 3 plugins.
Preloading 0 native plugins for Editor in 0.00 ms.
Mono: successfully reloaded assembly
- Completed reload, in  1.216 seconds
Platform modules already initialized, skipping
Refreshing native plugins compatible for Editor in 0.40 ms, found 3 plugins.
Preloading 0 native plugins for Editor in 0.00 ms.
Unloading 2075 Unused Serialized files (Serialized files now loaded: 0)
System memory in use before: 186.2 MB.
System memory in use after: 186.3 MB.

Unloading 17 unused Assets to reduce memory usage. Loaded Objects now: 2576.
Total: 2.101381 ms (FindLiveObjects: 0.192217 ms CreateObjectMapping: 0.084754 ms MarkObjects: 1.805868 ms  DeleteObjects: 0.017800 ms)

========================================================================
Received Import Request.
  Time since last request: 131.440749 seconds.
  path: Assets/Sprites/Enemy Bullet.prefab
  artifactKey: Guid(2fff45ae6115444569296459c76b7510) Importer(815301076,1909f56bfc062723c751e8b465ee728b)
Start importing Assets/Sprites/Enemy Bullet.prefab using Guid(2fff45ae6115444569296459c76b7510) Importer(815301076,1909f56bfc062723c751e8b465ee728b)  -> (artifact id: 'a3f0fc6372446c2008cc997888e996b4') in 0.038285 seconds
  Import took 0.043026 seconds .

========================================================================
Received Import Request.
  Time since last request: 34.201443 seconds.
  path: Assets/Sprites/Enemy Bullets.png
  artifactKey: Guid(9984b5d794b5c4bb4bce796e9da31a6c) Importer(815301076,1909f56bfc062723c751e8b465ee728b)
Start importing Assets/Sprites/Enemy Bullets.png using Guid(9984b5d794b5c4bb4bce796e9da31a6c) Importer(815301076,1909f56bfc062723c751e8b465ee728b)  -> (artifact id: 'a471e9f777a6fd7536a8e610ff889990') in 0.047926 seconds
  Import took 0.051730 seconds .

========================================================================
Received Import Request.
  Time since last request: 58.399148 seconds.
  path: Assets/Sprites/Enemy Bullets.png
  artifactKey: Guid(9984b5d794b5c4bb4bce796e9da31a6c) Importer(815301076,1909f56bfc062723c751e8b465ee728b)
Start importing Assets/Sprites/Enemy Bullets.png using Guid(9984b5d794b5c4bb4bce796e9da31a6c) Importer(815301076,1909f56bfc062723c751e8b465ee728b)  -> (artifact id: '95c9de6c5b2e5a41bccbc06d43d31889') in 0.009065 seconds
  Import took 0.013710 seconds .

========================================================================
Received Import Request.
  Time since last request: 12.470306 seconds.
  path: Assets/Sprites/Enemy Bullets.png
  artifactKey: Guid(9984b5d794b5c4bb4bce796e9da31a6c) Importer(815301076,1909f56bfc062723c751e8b465ee728b)
Start importing Assets/Sprites/Enemy Bullets.png using Guid(9984b5d794b5c4bb4bce796e9da31a6c) Importer(815301076,1909f56bfc062723c751e8b465ee728b)  -> (artifact id: '34f7eae43cbd963f9551bd907236636d') in 0.008861 seconds
  Import took 0.013998 seconds .

========================================================================
Received Import Request.
  Time since last request: 5.124811 seconds.
  path: Assets/Sprites/Enemy Bullets.png
  artifactKey: Guid(9984b5d794b5c4bb4bce796e9da31a6c) Importer(815301076,1909f56bfc062723c751e8b465ee728b)
Start importing Assets/Sprites/Enemy Bullets.png using Guid(9984b5d794b5c4bb4bce796e9da31a6c) Importer(815301076,1909f56bfc062723c751e8b465ee728b)  -> (artifact id: '231a741ee6f82f181366c26dbb49284f') in 0.007886 seconds
  Import took 0.012645 seconds .

========================================================================
Received Import Request.
  Time since last request: 11.983510 seconds.
  path: Assets/Sprites/Enemy Bullets.png
  artifactKey: Guid(9984b5d794b5c4bb4bce796e9da31a6c) Importer(815301076,1909f56bfc062723c751e8b465ee728b)
Start importing Assets/Sprites/Enemy Bullets.png using Guid(9984b5d794b5c4bb4bce796e9da31a6c) Importer(815301076,1909f56bfc062723c751e8b465ee728b)  -> (artifact id: 'e429f11adfd6346b40ee8153ba6f05dd') in 0.008889 seconds
  Import took 0.013196 seconds .

========================================================================
Received Import Request.
  Time since last request: 17.845756 seconds.
  path: Assets/Sprites/Enemy Bullets.png
  artifactKey: Guid(9984b5d794b5c4bb4bce796e9da31a6c) Importer(815301076,1909f56bfc062723c751e8b465ee728b)
Start importing Assets/Sprites/Enemy Bullets.png using Guid(9984b5d794b5c4bb4bce796e9da31a6c) Importer(815301076,1909f56bfc062723c751e8b465ee728b)  -> (artifact id: 'a03ab356e3389063ccc44ee933559389') in 0.008813 seconds
  Import took 0.013822 seconds .

========================================================================
Received Import Request.
  Time since last request: 89.566551 seconds.
  path: Assets/Sprites/Enemy Bullets.png
  artifactKey: Guid(9984b5d794b5c4bb4bce796e9da31a6c) Importer(815301076,1909f56bfc062723c751e8b465ee728b)
Start importing Assets/Sprites/Enemy Bullets.png using Guid(9984b5d794b5c4bb4bce796e9da31a6c) Importer(815301076,1909f56bfc062723c751e8b465ee728b)  -> (artifact id: '4c520cd709b18b8e2d05467a06279fa7') in 0.010315 seconds
  Import took 0.014936 seconds .

========================================================================
Received Import Request.
  Time since last request: 21.688133 seconds.
  path: Assets/Sprites/Enemy Bullets.png
  artifactKey: Guid(9984b5d794b5c4bb4bce796e9da31a6c) Importer(815301076,1909f56bfc062723c751e8b465ee728b)
Start importing Assets/Sprites/Enemy Bullets.png using Guid(9984b5d794b5c4bb4bce796e9da31a6c) Importer(815301076,1909f56bfc062723c751e8b465ee728b)  -> (artifact id: '008b943f8ab61c137a0f9e06c5787d9d') in 0.007579 seconds
  Import took 0.012034 seconds .

========================================================================
Received Import Request.
  Time since last request: 51.305801 seconds.
  path: Assets/Sprites/Enemy Bullets.png
  artifactKey: Guid(9984b5d794b5c4bb4bce796e9da31a6c) Importer(815301076,1909f56bfc062723c751e8b465ee728b)
Start importing Assets/Sprites/Enemy Bullets.png using Guid(9984b5d794b5c4bb4bce796e9da31a6c) Importer(815301076,1909f56bfc062723c751e8b465ee728b)  -> (artifact id: '43ade7c1aaaa1d6103b468effe781562') in 0.018400 seconds
  Import took 0.022572 seconds .

========================================================================
Received Prepare
Registering precompiled user dll's ...
Registered in 0.004341 seconds.
Begin MonoManager ReloadAssembly
Native extension for OSXStandalone target not found
Native extension for WebGL target not found
Refreshing native plugins compatible for Editor in 0.51 ms, found 3 plugins.
Preloading 0 native plugins for Editor in 0.00 ms.
Mono: successfully reloaded assembly
- Completed reload, in  1.234 seconds
Platform modules already initialized, skipping
Refreshing native plugins compatible for Editor in 0.43 ms, found 3 plugins.
Preloading 0 native plugins for Editor in 0.00 ms.
Unloading 2075 Unused Serialized files (Serialized files now loaded: 0)
System memory in use before: 186.5 MB.
System memory in use after: 186.6 MB.

Unloading 17 unused Assets to reduce memory usage. Loaded Objects now: 2582.
Total: 2.160677 ms (FindLiveObjects: 0.217365 ms CreateObjectMapping: 0.085688 ms MarkObjects: 1.839386 ms  DeleteObjects: 0.017412 ms)

========================================================================
Received Prepare
Registering precompiled user dll's ...
Registered in 0.002022 seconds.
Begin MonoManager ReloadAssembly
Native extension for OSXStandalone target not found
Native extension for WebGL target not found
Refreshing native plugins compatible for Editor in 0.49 ms, found 3 plugins.
Preloading 0 native plugins for Editor in 0.00 ms.
Mono: successfully reloaded assembly
- Completed reload, in  1.229 seconds
Platform modules already initialized, skipping
Refreshing native plugins compatible for Editor in 0.41 ms, found 3 plugins.
Preloading 0 native plugins for Editor in 0.00 ms.
Unloading 2075 Unused Serialized files (Serialized files now loaded: 0)
System memory in use before: 186.7 MB.
System memory in use after: 186.8 MB.

Unloading 17 unused Assets to reduce memory usage. Loaded Objects now: 2585.
Total: 2.172080 ms (FindLiveObjects: 0.202101 ms CreateObjectMapping: 0.072279 ms MarkObjects: 1.879232 ms  DeleteObjects: 0.017721 ms)

========================================================================
Received Import Request.
  Time since last request: 898.824609 seconds.
  path: Assets/Prefabs/Enemy.prefab
  artifactKey: Guid(151273861b37b4c35b20aecb34a7a4ec) Importer(815301076,1909f56bfc062723c751e8b465ee728b)
Start importing Assets/Prefabs/Enemy.prefab using Guid(151273861b37b4c35b20aecb34a7a4ec) Importer(815301076,1909f56bfc062723c751e8b465ee728b)  -> (artifact id: '959abd9b44b1388d89bb1298f8d0d006') in 0.107099 seconds
  Import took 0.113724 seconds .

========================================================================
Received Import Request.
  Time since last request: 0.012673 seconds.
  path: Assets/Prefabs/Enemy.prefab
  artifactKey: Guid(151273861b37b4c35b20aecb34a7a4ec) Importer(815301076,1909f56bfc062723c751e8b465ee728b)
Start importing Assets/Prefabs/Enemy.prefab using Guid(151273861b37b4c35b20aecb34a7a4ec) Importer(815301076,1909f56bfc062723c751e8b465ee728b)  -> (artifact id: '959abd9b44b1388d89bb1298f8d0d006') in 0.007875 seconds
  Import took 0.011449 seconds .

========================================================================
Received Import Request.
  Time since last request: 81.754383 seconds.
  path: Assets/Prefabs/Enemy Bullet.prefab
  artifactKey: Guid(80d98aed95efa4c15b1e91fd7d47e245) Importer(815301076,1909f56bfc062723c751e8b465ee728b)
Start importing Assets/Prefabs/Enemy Bullet.prefab using Guid(80d98aed95efa4c15b1e91fd7d47e245) Importer(815301076,1909f56bfc062723c751e8b465ee728b)  -> (artifact id: '0e765da81ed2f40912a4827c4043158a') in 0.014211 seconds
  Import took 0.018906 seconds .

========================================================================
Received Import Request.
  Time since last request: 33.740997 seconds.
  path: Assets/Prefabs/Enemy.prefab
  artifactKey: Guid(151273861b37b4c35b20aecb34a7a4ec) Importer(815301076,1909f56bfc062723c751e8b465ee728b)
Start importing Assets/Prefabs/Enemy.prefab using Guid(151273861b37b4c35b20aecb34a7a4ec) Importer(815301076,1909f56bfc062723c751e8b465ee728b)  -> (artifact id: '9f736e6cd82711d1694e298639ac2847') in 0.028026 seconds
  Import took 0.032499 seconds .

========================================================================
Received Prepare
Registering precompiled user dll's ...
Registered in 0.006326 seconds.
Begin MonoManager ReloadAssembly
Native extension for OSXStandalone target not found
Native extension for WebGL target not found
Refreshing native plugins compatible for Editor in 0.49 ms, found 3 plugins.
Preloading 0 native plugins for Editor in 0.00 ms.
Mono: successfully reloaded assembly
- Completed reload, in  1.298 seconds
Platform modules already initialized, skipping
Refreshing native plugins compatible for Editor in 0.43 ms, found 3 plugins.
Preloading 0 native plugins for Editor in 0.00 ms.
Unloading 2075 Unused Serialized files (Serialized files now loaded: 0)
System memory in use before: 187.0 MB.
System memory in use after: 187.1 MB.

Unloading 17 unused Assets to reduce memory usage. Loaded Objects now: 2589.
Total: 2.351347 ms (FindLiveObjects: 0.206256 ms CreateObjectMapping: 0.073566 ms MarkObjects: 2.051702 ms  DeleteObjects: 0.018758 ms)

========================================================================
Received Import Request.
  Time since last request: 163.358172 seconds.
  path: Assets/Prefabs/Enemy Bullet.prefab
  artifactKey: Guid(80d98aed95efa4c15b1e91fd7d47e245) Importer(815301076,1909f56bfc062723c751e8b465ee728b)
Start importing Assets/Prefabs/Enemy Bullet.prefab using Guid(80d98aed95efa4c15b1e91fd7d47e245) Importer(815301076,1909f56bfc062723c751e8b465ee728b)  -> (artifact id: 'b2b7f19f485b0b6b068d047c79a14e2f') in 0.064442 seconds
  Import took 0.069178 seconds .

========================================================================
Received Prepare
Registering precompiled user dll's ...
Registered in 0.007151 seconds.
Begin MonoManager ReloadAssembly
Native extension for OSXStandalone target not found
Native extension for WebGL target not found
Refreshing native plugins compatible for Editor in 0.48 ms, found 3 plugins.
Preloading 0 native plugins for Editor in 0.00 ms.
Mono: successfully reloaded assembly
- Completed reload, in  1.207 seconds
Platform modules already initialized, skipping
Refreshing native plugins compatible for Editor in 0.41 ms, found 3 plugins.
Preloading 0 native plugins for Editor in 0.00 ms.
Unloading 2075 Unused Serialized files (Serialized files now loaded: 0)
System memory in use before: 187.2 MB.
System memory in use after: 187.3 MB.

Unloading 17 unused Assets to reduce memory usage. Loaded Objects now: 2593.
Total: 2.162712 ms (FindLiveObjects: 0.186325 ms CreateObjectMapping: 0.072740 ms MarkObjects: 1.882769 ms  DeleteObjects: 0.019780 ms)

========================================================================
Received Prepare
Registering precompiled user dll's ...
Registered in 0.007203 seconds.
Begin MonoManager ReloadAssembly
Native extension for OSXStandalone target not found
Native extension for WebGL target not found
Refreshing native plugins compatible for Editor in 0.49 ms, found 3 plugins.
Preloading 0 native plugins for Editor in 0.00 ms.
Mono: successfully reloaded assembly
- Completed reload, in  1.276 seconds
Platform modules already initialized, skipping
Refreshing native plugins compatible for Editor in 0.40 ms, found 3 plugins.
Preloading 0 native plugins for Editor in 0.00 ms.
Unloading 2075 Unused Serialized files (Serialized files now loaded: 0)
System memory in use before: 187.4 MB.
System memory in use after: 187.5 MB.

Unloading 17 unused Assets to reduce memory usage. Loaded Objects now: 2596.
Total: 2.120019 ms (FindLiveObjects: 0.183355 ms CreateObjectMapping: 0.080398 ms MarkObjects: 1.839160 ms  DeleteObjects: 0.016157 ms)

========================================================================
Received Prepare
Registering precompiled user dll's ...
Registered in 0.001701 seconds.
Begin MonoManager ReloadAssembly
Native extension for OSXStandalone target not found
Native extension for WebGL target not found
Refreshing native plugins compatible for Editor in 0.44 ms, found 3 plugins.
Preloading 0 native plugins for Editor in 0.00 ms.
Mono: successfully reloaded assembly
- Completed reload, in  1.187 seconds
Platform modules already initialized, skipping
Refreshing native plugins compatible for Editor in 0.40 ms, found 3 plugins.
Preloading 0 native plugins for Editor in 0.00 ms.
Unloading 2075 Unused Serialized files (Serialized files now loaded: 0)
System memory in use before: 187.6 MB.
System memory in use after: 187.7 MB.

Unloading 17 unused Assets to reduce memory usage. Loaded Objects now: 2599.
Total: 2.079004 ms (FindLiveObjects: 0.196252 ms CreateObjectMapping: 0.078497 ms MarkObjects: 1.785668 ms  DeleteObjects: 0.017556 ms)

========================================================================
Received Prepare
Registering precompiled user dll's ...
Registered in 0.001657 seconds.
Begin MonoManager ReloadAssembly
Native extension for OSXStandalone target not found
Native extension for WebGL target not found
Refreshing native plugins compatible for Editor in 0.57 ms, found 3 plugins.
Preloading 0 native plugins for Editor in 0.00 ms.
Mono: successfully reloaded assembly
- Completed reload, in  1.182 seconds
Platform modules already initialized, skipping
Refreshing native plugins compatible for Editor in 0.41 ms, found 3 plugins.
Preloading 0 native plugins for Editor in 0.00 ms.
Unloading 2075 Unused Serialized files (Serialized files now loaded: 0)
System memory in use before: 187.8 MB.
System memory in use after: 187.9 MB.

Unloading 17 unused Assets to reduce memory usage. Loaded Objects now: 2602.
Total: 2.070120 ms (FindLiveObjects: 0.195489 ms CreateObjectMapping: 0.082502 ms MarkObjects: 1.774796 ms  DeleteObjects: 0.016505 ms)

========================================================================
Received Import Request.
  Time since last request: 386.109103 seconds.
  path: Assets/Scripts/EnemyControler.cs
  artifactKey: Guid(b4b12f2022f1044698c2b5d18fa70f6f) Importer(815301076,1909f56bfc062723c751e8b465ee728b)
Start importing Assets/Scripts/EnemyControler.cs using Guid(b4b12f2022f1044698c2b5d18fa70f6f) Importer(815301076,1909f56bfc062723c751e8b465ee728b)  -> (artifact id: 'a61ab8e3f56ae8c257f98b19f17f38e5') in 0.008501 seconds
  Import took 0.012483 seconds .

========================================================================
Received Import Request.
  Time since last request: 0.003207 seconds.
  path: Assets/Scripts/EnemyControler.cs
  artifactKey: Guid(b4b12f2022f1044698c2b5d18fa70f6f) Importer(815301076,1909f56bfc062723c751e8b465ee728b)
Start importing Assets/Scripts/EnemyControler.cs using Guid(b4b12f2022f1044698c2b5d18fa70f6f) Importer(815301076,1909f56bfc062723c751e8b465ee728b)  -> (artifact id: 'a61ab8e3f56ae8c257f98b19f17f38e5') in 0.001269 seconds
  Import took 0.005252 seconds .

========================================================================
Received Prepare
Registering precompiled user dll's ...
Registered in 0.002662 seconds.
Begin MonoManager ReloadAssembly
Native extension for OSXStandalone target not found
Native extension for WebGL target not found
Refreshing native plugins compatible for Editor in 0.50 ms, found 3 plugins.
Preloading 0 native plugins for Editor in 0.00 ms.
Mono: successfully reloaded assembly
- Completed reload, in  1.210 seconds
Platform modules already initialized, skipping
Refreshing native plugins compatible for Editor in 0.42 ms, found 3 plugins.
Preloading 0 native plugins for Editor in 0.00 ms.
Unloading 2075 Unused Serialized files (Serialized files now loaded: 0)
System memory in use before: 188.0 MB.
System memory in use after: 188.1 MB.

Unloading 17 unused Assets to reduce memory usage. Loaded Objects now: 2605.
Total: 2.228306 ms (FindLiveObjects: 0.210891 ms CreateObjectMapping: 0.095464 ms MarkObjects: 1.904741 ms  DeleteObjects: 0.016296 ms)

========================================================================
Received Prepare
Registering precompiled user dll's ...
Registered in 0.002019 seconds.
Begin MonoManager ReloadAssembly
Native extension for OSXStandalone target not found
Native extension for WebGL target not found
Refreshing native plugins compatible for Editor in 0.51 ms, found 3 plugins.
Preloading 0 native plugins for Editor in 0.00 ms.
Mono: successfully reloaded assembly
- Completed reload, in  1.201 seconds
Platform modules already initialized, skipping
Refreshing native plugins compatible for Editor in 0.40 ms, found 3 plugins.
Preloading 0 native plugins for Editor in 0.00 ms.
Unloading 2075 Unused Serialized files (Serialized files now loaded: 0)
System memory in use before: 188.2 MB.
System memory in use after: 188.3 MB.

Unloading 17 unused Assets to reduce memory usage. Loaded Objects now: 2608.
Total: 2.056095 ms (FindLiveObjects: 0.181413 ms CreateObjectMapping: 0.077569 ms MarkObjects: 1.780291 ms  DeleteObjects: 0.016142 ms)

========================================================================
Received Import Request.
  Time since last request: 115.358834 seconds.
  path: Assets/Prefabs/Enemy Bullet.prefab
  artifactKey: Guid(80d98aed95efa4c15b1e91fd7d47e245) Importer(815301076,1909f56bfc062723c751e8b465ee728b)
Start importing Assets/Prefabs/Enemy Bullet.prefab using Guid(80d98aed95efa4c15b1e91fd7d47e245) Importer(815301076,1909f56bfc062723c751e8b465ee728b)  -> (artifact id: 'a78869ca88979d4e43a039a983fcd818') in 0.062297 seconds
  Import took 0.066570 seconds .

========================================================================
Received Import Request.
  Time since last request: 0.000228 seconds.
  path: Assets/Prefabs/Enemy.prefab
  artifactKey: Guid(151273861b37b4c35b20aecb34a7a4ec) Importer(815301076,1909f56bfc062723c751e8b465ee728b)
Start importing Assets/Prefabs/Enemy.prefab using Guid(151273861b37b4c35b20aecb34a7a4ec) Importer(815301076,1909f56bfc062723c751e8b465ee728b)  -> (artifact id: 'e6ee6b2b54577025e17624a7d8f479f7') in 0.009754 seconds
  Import took 0.013082 seconds .

========================================================================
Received Prepare
Registering precompiled user dll's ...
Registered in 0.001983 seconds.
Begin MonoManager ReloadAssembly
Native extension for OSXStandalone target not found
Native extension for WebGL target not found
Refreshing native plugins compatible for Editor in 0.50 ms, found 3 plugins.
Preloading 0 native plugins for Editor in 0.00 ms.
Mono: successfully reloaded assembly
- Completed reload, in  1.287 seconds
Platform modules already initialized, skipping
Refreshing native plugins compatible for Editor in 0.40 ms, found 3 plugins.
Preloading 0 native plugins for Editor in 0.00 ms.
Unloading 2075 Unused Serialized files (Serialized files now loaded: 0)
System memory in use before: 188.4 MB.
System memory in use after: 188.5 MB.

Unloading 17 unused Assets to reduce memory usage. Loaded Objects now: 2612.
Total: 2.377094 ms (FindLiveObjects: 0.233964 ms CreateObjectMapping: 0.090998 ms MarkObjects: 2.032573 ms  DeleteObjects: 0.018621 ms)

